<?xml version="1.0" encoding="UTF-8"?>
<!-- Generated by org.testng.reporters.JUnitReportReporter -->
<testsuite hostname="DESKTOP-1P4M1GG" name="Maven.Maven.App" tests="1" failures="0" timestamp="6 Oct 2019 17:01:35 GMT" time="16.439" errors="0">
  <testcase name="setup" time="16.439" classname="Maven.Maven.App"/>
</testsuite> <!-- Maven.Maven.App -->
